#
# There is insufficient memory for the Java Runtime Environment to continue.
# Native memory allocation (malloc) failed to allocate 65552 bytes for Chunk::new
# Possible reasons:
#   The system is out of physical RAM or swap space
#   In 32 bit mode, the process size limit was hit
# Possible solutions:
#   Reduce memory load on the system
#   Increase physical memory or swap space
#   Check if swap backing store is full
#   Use 64 bit Java on a 64 bit OS
#   Decrease Java heap size (-Xmx/-Xms)
#   Decrease number of Java threads
#   Decrease Java thread stack sizes (-Xss)
#   Set larger code cache with -XX:ReservedCodeCacheSize=
# This output file may be truncated or incomplete.
#
#  Out of Memory Error (allocation.cpp:323), pid=9132, tid=9252
#
# JRE version: Java(TM) SE Runtime Environment (7.0_79-b15) (build 1.7.0_79-b15)
# Java VM: Java HotSpot(TM) 64-Bit Server VM (24.79-b02 mixed mode windows-amd64 compressed oops)
# Failed to write core dump. Minidumps are not enabled by default on client versions of Windows
#

---------------  T H R E A D  ---------------

Current thread (0x00000000088ee800):  JavaThread "C2 CompilerThread0" daemon [_thread_in_native, id=9252, stack(0x0000000009e50000,0x0000000009f50000)]

Stack: [0x0000000009e50000,0x0000000009f50000]
[error occurred during error reporting (printing stack bounds), id 0xc0000005]


Current CompileTask:
C2:  15343  693             com.android.dx.cf.code.Ropper::addSetupBlocks (535 bytes)


---------------  P R O C E S S  ---------------

Java Threads: ( => current thread )
  0x000000000a3e1800 JavaThread "pool-1-thread-4" [_thread_in_Java, id=8160, stack(0x000000000aa50000,0x000000000ab50000)]
  0x000000000a3de000 JavaThread "pool-1-thread-3" [_thread_in_Java, id=6816, stack(0x000000000a950000,0x000000000aa50000)]
  0x000000000a3e0000 JavaThread "pool-1-thread-2" [_thread_in_Java, id=752, stack(0x000000000a850000,0x000000000a950000)]
  0x000000000a3e1000 JavaThread "pool-2-thread-1" [_thread_blocked, id=3256, stack(0x000000000a750000,0x000000000a850000)]
  0x000000000a3df800 JavaThread "pool-1-thread-1" [_thread_in_Java, id=5940, stack(0x000000000a650000,0x000000000a750000)]
  0x00000000088f5800 JavaThread "Service Thread" daemon [_thread_blocked, id=2096, stack(0x000000000a050000,0x000000000a150000)]
  0x00000000088f0800 JavaThread "C2 CompilerThread1" daemon [_thread_blocked, id=9108, stack(0x0000000009f50000,0x000000000a050000)]
=>0x00000000088ee800 JavaThread "C2 CompilerThread0" daemon [_thread_in_native, id=9252, stack(0x0000000009e50000,0x0000000009f50000)]
  0x00000000088ed800 JavaThread "Attach Listener" daemon [_thread_blocked, id=7784, stack(0x0000000009d50000,0x0000000009e50000)]
  0x00000000088ea000 JavaThread "Signal Dispatcher" daemon [_thread_blocked, id=10184, stack(0x0000000009c50000,0x0000000009d50000)]
  0x00000000088af800 JavaThread "Finalizer" daemon [_thread_blocked, id=9932, stack(0x0000000009b50000,0x0000000009c50000)]
  0x00000000088a6800 JavaThread "Reference Handler" daemon [_thread_blocked, id=7864, stack(0x0000000009a50000,0x0000000009b50000)]
  0x0000000002952800 JavaThread "main" [_thread_in_native, id=7092, stack(0x0000000002830000,0x0000000002930000)]

Other Threads:
  0x00000000088a2800 VMThread [stack: 0x0000000009950000,0x0000000009a50000] [id=6524]
  0x0000000008905000 WatcherThread [stack: 0x000000000a150000,0x000000000a250000] [id=8460]

VM state:not at safepoint (normal execution)

VM Mutex/Monitor currently owned by a thread: None

Heap
 PSYoungGen      total 144384K, used 110893K [0x00000000eaa80000, 0x00000000f4e80000, 0x0000000100000000)
  eden space 128512K, 75% used [0x00000000eaa80000,0x00000000f094c6f8,0x00000000f2800000)
  from space 15872K, 87% used [0x00000000f3a00000,0x00000000f477f038,0x00000000f4980000)
  to   space 18432K, 0% used [0x00000000f2800000,0x00000000f2800000,0x00000000f3a00000)
 ParOldGen       total 42496K, used 24375K [0x00000000c0000000, 0x00000000c2980000, 0x00000000eaa80000)
  object space 42496K, 57% used [0x00000000c0000000,0x00000000c17cde00,0x00000000c2980000)
 PSPermGen       total 21504K, used 6089K [0x00000000bae00000, 0x00000000bc300000, 0x00000000c0000000)
  object space 21504K, 28% used [0x00000000bae00000,0x00000000bb3f26b8,0x00000000bc300000)

Card table byte_map: [0x0000000005b10000,0x0000000005d40000] byte_map_base: 0x0000000005539000

Polling page: 0x0000000001050000

Code Cache  [0x0000000002a50000, 0x0000000002d20000, 0x0000000005a50000)
 total_blobs=919 nmethods=682 adapters=189 free_code_cache=46384Kb largest_free_block=47409920

Compilation events (10 events):
Event: 14.969 Thread 0x00000000088ee800  691             com.android.dx.ssa.DeadCodeRemover::process (14 bytes)
Event: 14.974 Thread 0x00000000088f0800 nmethod 690 0x0000000002b9d790 code [0x0000000002b9d8e0, 0x0000000002b9db28]
Event: 14.975 Thread 0x00000000088ee800 nmethod 691 0x0000000002b9ef90 code [0x0000000002b9f100, 0x0000000002b9f3b8]
Event: 15.291 Thread 0x00000000088f0800  692             com.android.dx.rop.type.StdTypeList::getWordCount (33 bytes)
Event: 15.293 Thread 0x00000000088ee800  693             com.android.dx.cf.code.Ropper::addSetupBlocks (535 bytes)
Event: 15.295 Thread 0x00000000088f0800 nmethod 692 0x0000000002b21490 code [0x0000000002b215e0, 0x0000000002b216f8]
Event: 15.295 Thread 0x00000000088f0800  694             com.android.dx.cf.code.Frame::initializeWithParameters (49 bytes)
Event: 15.310 Thread 0x00000000088f0800 nmethod 694 0x0000000002b9e750 code [0x0000000002b9e8c0, 0x0000000002b9ec58]
Event: 15.325 Thread 0x00000000088f0800  695             com.android.dx.ssa.SsaBasicBlock::getPrimarySuccessorRopLabel (12 bytes)
Event: 15.328 Thread 0x00000000088f0800 nmethod 695 0x0000000002b9bb50 code [0x0000000002b9bca0, 0x0000000002b9bd98]

GC Heap History (10 events):
Event: 4.741 GC heap before
{Heap before GC invocations=2 (full 0):
 PSYoungGen      total 18944K, used 17397K [0x00000000eaa80000, 0x00000000ecf80000, 0x0000000100000000)
  eden space 16384K, 100% used [0x00000000eaa80000,0x00000000eba80000,0x00000000eba80000)
  from space 2560K, 39% used [0x00000000eba80000,0x00000000ebb7d5b8,0x00000000ebd00000)
  to   space 2560K, 0% used [0x00000000ecd00000,0x00000000ecd00000,0x00000000ecf80000)
 ParOldGen       total 42496K, used 0K [0x00000000c0000000, 0x00000000c2980000, 0x00000000eaa80000)
  object space 42496K, 0% used [0x00000000c0000000,0x00000000c0000000,0x00000000c2980000)
 PSPermGen       total 21504K, used 5741K [0x00000000bae00000, 0x00000000bc300000, 0x00000000c0000000)
  object space 21504K, 26% used [0x00000000bae00000,0x00000000bb39b660,0x00000000bc300000)
Event: 4.793 GC heap after
Heap after GC invocations=2 (full 0):
 PSYoungGen      total 35328K, used 2541K [0x00000000eaa80000, 0x00000000ecf80000, 0x0000000100000000)
  eden space 32768K, 0% used [0x00000000eaa80000,0x00000000eaa80000,0x00000000eca80000)
  from space 2560K, 99% used [0x00000000ecd00000,0x00000000ecf7b700,0x00000000ecf80000)
  to   space 2560K, 0% used [0x00000000eca80000,0x00000000eca80000,0x00000000ecd00000)
 ParOldGen       total 42496K, used 2482K [0x00000000c0000000, 0x00000000c2980000, 0x00000000eaa80000)
  object space 42496K, 5% used [0x00000000c0000000,0x00000000c026c970,0x00000000c2980000)
 PSPermGen       total 21504K, used 5741K [0x00000000bae00000, 0x00000000bc300000, 0x00000000c0000000)
  object space 21504K, 26% used [0x00000000bae00000,0x00000000bb39b660,0x00000000bc300000)
}
Event: 7.021 GC heap before
{Heap before GC invocations=3 (full 0):
 PSYoungGen      total 35328K, used 35309K [0x00000000eaa80000, 0x00000000ecf80000, 0x0000000100000000)
  eden space 32768K, 100% used [0x00000000eaa80000,0x00000000eca80000,0x00000000eca80000)
  from space 2560K, 99% used [0x00000000ecd00000,0x00000000ecf7b700,0x00000000ecf80000)
  to   space 2560K, 0% used [0x00000000eca80000,0x00000000eca80000,0x00000000ecd00000)
 ParOldGen       total 42496K, used 2482K [0x00000000c0000000, 0x00000000c2980000, 0x00000000eaa80000)
  object space 42496K, 5% used [0x00000000c0000000,0x00000000c026c970,0x00000000c2980000)
 PSPermGen       total 21504K, used 5909K [0x00000000bae00000, 0x00000000bc300000, 0x00000000c0000000)
  object space 21504K, 27% used [0x00000000bae00000,0x00000000bb3c5438,0x00000000bc300000)
Event: 7.082 GC heap after
Heap after GC invocations=3 (full 0):
 PSYoungGen      total 35328K, used 2536K [0x00000000eaa80000, 0x00000000eef80000, 0x0000000100000000)
  eden space 32768K, 0% used [0x00000000eaa80000,0x00000000eaa80000,0x00000000eca80000)
  from space 2560K, 99% used [0x00000000eca80000,0x00000000eccfa2c0,0x00000000ecd00000)
  to   space 2560K, 0% used [0x00000000eed00000,0x00000000eed00000,0x00000000eef80000)
 ParOldGen       total 42496K, used 7742K [0x00000000c0000000, 0x00000000c2980000, 0x00000000eaa80000)
  object space 42496K, 18% used [0x00000000c0000000,0x00000000c078f888,0x00000000c2980000)
 PSPermGen       total 21504K, used 5909K [0x00000000bae00000, 0x00000000bc300000, 0x00000000c0000000)
  object space 21504K, 27% used [0x00000000bae00000,0x00000000bb3c5438,0x00000000bc300000)
}
Event: 8.004 GC heap before
{Heap before GC invocations=4 (full 0):
 PSYoungGen      total 35328K, used 35304K [0x00000000eaa80000, 0x00000000eef80000, 0x0000000100000000)
  eden space 32768K, 100% used [0x00000000eaa80000,0x00000000eca80000,0x00000000eca80000)
  from space 2560K, 99% used [0x00000000eca80000,0x00000000eccfa2c0,0x00000000ecd00000)
  to   space 2560K, 0% used [0x00000000eed00000,0x00000000eed00000,0x00000000eef80000)
 ParOldGen       total 42496K, used 7742K [0x00000000c0000000, 0x00000000c2980000, 0x00000000eaa80000)
  object space 42496K, 18% used [0x00000000c0000000,0x00000000c078f888,0x00000000c2980000)
 PSPermGen       total 21504K, used 5955K [0x00000000bae00000, 0x00000000bc300000, 0x00000000c0000000)
  object space 21504K, 27% used [0x00000000bae00000,0x00000000bb3d0d68,0x00000000bc300000)
Event: 8.072 GC heap after
Heap after GC invocations=4 (full 0):
 PSYoungGen      total 68096K, used 2556K [0x00000000eaa80000, 0x00000000eef80000, 0x0000000100000000)
  eden space 65536K, 0% used [0x00000000eaa80000,0x00000000eaa80000,0x00000000eea80000)
  from space 2560K, 99% used [0x00000000eed00000,0x00000000eef7f0a0,0x00000000eef80000)
  to   space 2560K, 0% used [0x00000000eea80000,0x00000000eea80000,0x00000000eed00000)
 ParOldGen       total 42496K, used 13782K [0x00000000c0000000, 0x00000000c2980000, 0x00000000eaa80000)
  object space 42496K, 32% used [0x00000000c0000000,0x00000000c0d75a30,0x00000000c2980000)
 PSPermGen       total 21504K, used 5955K [0x00000000bae00000, 0x00000000bc300000, 0x00000000c0000000)
  object space 21504K, 27% used [0x00000000bae00000,0x00000000bb3d0d68,0x00000000bc300000)
}
Event: 10.272 GC heap before
{Heap before GC invocations=5 (full 0):
 PSYoungGen      total 68096K, used 68092K [0x00000000eaa80000, 0x00000000eef80000, 0x0000000100000000)
  eden space 65536K, 100% used [0x00000000eaa80000,0x00000000eea80000,0x00000000eea80000)
  from space 2560K, 99% used [0x00000000eed00000,0x00000000eef7f0a0,0x00000000eef80000)
  to   space 2560K, 0% used [0x00000000eea80000,0x00000000eea80000,0x00000000eed00000)
 ParOldGen       total 42496K, used 13782K [0x00000000c0000000, 0x00000000c2980000, 0x00000000eaa80000)
  object space 42496K, 32% used [0x00000000c0000000,0x00000000c0d75a30,0x00000000c2980000)
 PSPermGen       total 21504K, used 5982K [0x00000000bae00000, 0x00000000bc300000, 0x00000000c0000000)
  object space 21504K, 27% used [0x00000000bae00000,0x00000000bb3d7998,0x00000000bc300000)
Event: 10.408 GC heap after
Heap after GC invocations=5 (full 0):
 PSYoungGen      total 68096K, used 2546K [0x00000000eaa80000, 0x00000000f4980000, 0x0000000100000000)
  eden space 65536K, 0% used [0x00000000eaa80000,0x00000000eaa80000,0x00000000eea80000)
  from space 2560K, 99% used [0x00000000eea80000,0x00000000eecfc8f0,0x00000000eed00000)
  to   space 15872K, 0% used [0x00000000f3a00000,0x00000000f3a00000,0x00000000f4980000)
 ParOldGen       total 42496K, used 24375K [0x00000000c0000000, 0x00000000c2980000, 0x00000000eaa80000)
  object space 42496K, 57% used [0x00000000c0000000,0x00000000c17cde00,0x00000000c2980000)
 PSPermGen       total 21504K, used 5982K [0x00000000bae00000, 0x00000000bc300000, 0x00000000c0000000)
  object space 21504K, 27% used [0x00000000bae00000,0x00000000bb3d7998,0x00000000bc300000)
}
Event: 11.677 GC heap before
{Heap before GC invocations=6 (full 0):
 PSYoungGen      total 68096K, used 68082K [0x00000000eaa80000, 0x00000000f4980000, 0x0000000100000000)
  eden space 65536K, 100% used [0x00000000eaa80000,0x00000000eea80000,0x00000000eea80000)
  from space 2560K, 99% used [0x00000000eea80000,0x00000000eecfc8f0,0x00000000eed00000)
  to   space 15872K, 0% used [0x00000000f3a00000,0x00000000f3a00000,0x00000000f4980000)
 ParOldGen       total 42496K, used 24375K [0x00000000c0000000, 0x00000000c2980000, 0x00000000eaa80000)
  object space 42496K, 57% used [0x00000000c0000000,0x00000000c17cde00,0x00000000c2980000)
 PSPermGen       total 21504K, used 6028K [0x00000000bae00000, 0x00000000bc300000, 0x00000000c0000000)
  object space 21504K, 28% used [0x00000000bae00000,0x00000000bb3e3198,0x00000000bc300000)
Event: 12.135 GC heap after
Heap after GC invocations=6 (full 0):
 PSYoungGen      total 144384K, used 13820K [0x00000000eaa80000, 0x00000000f4e80000, 0x0000000100000000)
  eden space 128512K, 0% used [0x00000000eaa80000,0x00000000eaa80000,0x00000000f2800000)
  from space 15872K, 87% used [0x00000000f3a00000,0x00000000f477f038,0x00000000f4980000)
  to   space 18432K, 0% used [0x00000000f2800000,0x00000000f2800000,0x00000000f3a00000)
 ParOldGen       total 42496K, used 24375K [0x00000000c0000000, 0x00000000c2980000, 0x00000000eaa80000)
  object space 42496K, 57% used [0x00000000c0000000,0x00000000c17cde00,0x00000000c2980000)
 PSPermGen       total 21504K, used 6028K [0x00000000bae00000, 0x00000000bc300000, 0x00000000c0000000)
  object space 21504K, 28% used [0x00000000bae00000,0x00000000bb3e3198,0x00000000bc300000)
}

Deoptimization events (10 events):
Event: 12.351 Thread 0x000000000a3df800 Uncommon trap: reason=unreached action=reinterpret pc=0x0000000002bfe524 method=com.android.dx.rop.code.LocalItem.compareHandlesNulls(Lcom/android/dx/rop/cst/CstString;Lcom/android/dx/rop/cst/CstString;)I @ 14
Event: 12.371 Thread 0x000000000a3e1800 Uncommon trap: reason=unreached action=reinterpret pc=0x0000000002bb41cc method=com.android.dx.rop.code.LocalItem.compareHandlesNulls(Lcom/android/dx/rop/cst/CstString;Lcom/android/dx/rop/cst/CstString;)I @ 14
Event: 13.506 Thread 0x000000000a3de000 Uncommon trap: reason=bimorphic action=maybe_recompile pc=0x0000000002cdf2cc method=com.android.dx.cf.code.BytecodeArray.parseInstruction(ILcom/android/dx/cf/code/BytecodeArray$Visitor;)I @ 1357
Event: 13.506 Thread 0x000000000a3de000 Uncommon trap: reason=bimorphic action=maybe_recompile pc=0x0000000002cdf2cc method=com.android.dx.cf.code.BytecodeArray.parseInstruction(ILcom/android/dx/cf/code/BytecodeArray$Visitor;)I @ 1357
Event: 13.512 Thread 0x0000000002952800 Uncommon trap: reason=bimorphic action=maybe_recompile pc=0x0000000002ccaef8 method=com.android.dx.cf.code.RopperMachine.run(Lcom/android/dx/cf/code/Frame;II)V @ 988
Event: 13.512 Thread 0x0000000002952800 Uncommon trap: reason=bimorphic action=maybe_recompile pc=0x0000000002ccaef8 method=com.android.dx.cf.code.RopperMachine.run(Lcom/android/dx/cf/code/Frame;II)V @ 988
Event: 13.684 Thread 0x000000000a3e1800 Uncommon trap: reason=unreached action=reinterpret pc=0x0000000002bb31ec method=com.android.dx.ssa.MoveParamCombiner$1.visitNonMoveInsn(Lcom/android/dx/ssa/NormalSsaInsn;)V @ 27
Event: 14.519 Thread 0x000000000a3e1800 Uncommon trap: reason=bimorphic action=maybe_recompile pc=0x0000000002b99a94 method=com.android.dx.ssa.LiteralOpUpgrader.tryReplacingWithConstant(Lcom/android/dx/ssa/NormalSsaInsn;)Z @ 62
Event: 14.525 Thread 0x000000000a3e1800 Uncommon trap: reason=bimorphic action=maybe_recompile pc=0x0000000002b99a94 method=com.android.dx.ssa.LiteralOpUpgrader.tryReplacingWithConstant(Lcom/android/dx/ssa/NormalSsaInsn;)Z @ 62
Event: 15.206 Thread 0x000000000a3e0000 Uncommon trap: reason=unreached action=reinterpret pc=0x0000000002bbc220 method=com.android.dx.ssa.back.SsaToRop.convertBasicBlocks()Lcom/android/dx/rop/code/BasicBlockList; @ 33

Internal exceptions (10 events):
Event: 5.251 Thread 0x000000000a3e0000 Implicit null exception at 0x0000000002b1bd42 to 0x0000000002b1cdad
Event: 5.519 Thread 0x0000000002952800 Implicit null exception at 0x0000000002afbaaf to 0x0000000002afc191
Event: 7.669 Thread 0x000000000a3df800 Threw 0x00000000ec012cb8 at C:\re\jdk7u79\2331\hotspot\src\share\vm\prims\jvm.cpp:1304
Event: 8.666 Thread 0x000000000a3df800 Threw 0x00000000ebdeeee8 at C:\re\jdk7u79\2331\hotspot\src\share\vm\prims\jvm.cpp:1304
Event: 9.256 Thread 0x000000000a3e1800 Implicit null exception at 0x0000000002c19c94 to 0x0000000002c1b43d
Event: 11.196 Thread 0x0000000002952800 Threw 0x00000000eca2a8f0 at C:\re\jdk7u79\2331\hotspot\src\share\vm\prims\jvm.cpp:1304
Event: 12.351 Thread 0x000000000a3df800 Implicit null exception at 0x0000000002c904a4 to 0x0000000002c90679
Event: 12.351 Thread 0x000000000a3df800 Implicit null exception at 0x0000000002bfe350 to 0x0000000002bfe511
Event: 12.371 Thread 0x000000000a3e1800 Implicit null exception at 0x0000000002bb4059 to 0x0000000002bb41b9
Event: 15.206 Thread 0x000000000a3e0000 Implicit null exception at 0x0000000002bbb5ac to 0x0000000002bbc211

Events (10 events):
Event: 13.775 Thread 0x000000000a3e1800 DEOPT UNPACKING pc=0x0000000002a875a4 sp=0x000000000ab4ea78 mode 2
Event: 14.519 Thread 0x000000000a3e1800 Uncommon trap: trap_request=0xffffffc6 fr.pc=0x0000000002b99a94
Event: 14.519 Thread 0x000000000a3e1800 DEOPT PACKING pc=0x0000000002b99a94 sp=0x000000000ab4eac0
Event: 14.519 Thread 0x000000000a3e1800 DEOPT UNPACKING pc=0x0000000002a875a4 sp=0x000000000ab4e9e0 mode 2
Event: 14.525 Thread 0x000000000a3e1800 Uncommon trap: trap_request=0xffffffc6 fr.pc=0x0000000002b99a94
Event: 14.525 Thread 0x000000000a3e1800 DEOPT PACKING pc=0x0000000002b99a94 sp=0x000000000ab4ea30
Event: 14.525 Thread 0x000000000a3e1800 DEOPT UNPACKING pc=0x0000000002a875a4 sp=0x000000000ab4e950 mode 2
Event: 15.206 Thread 0x000000000a3e0000 Uncommon trap: trap_request=0xffffffad fr.pc=0x0000000002bbc220
Event: 15.206 Thread 0x000000000a3e0000 DEOPT PACKING pc=0x0000000002bbc220 sp=0x000000000a94eaf0
Event: 15.206 Thread 0x000000000a3e0000 DEOPT UNPACKING pc=0x0000000002a875a4 sp=0x000000000a94eab8 mode 2


Dynamic libraries:
0x00007ff6f0f90000 - 0x00007ff6f0fc3000 	C:\Program Files\Java\jdk1.7.0_79\bin\java.exe
0x00007ffa4d520000 - 0x00007ffa4d6ca000 	C:\WINDOWS\SYSTEM32\ntdll.dll
0x00007ffa4d260000 - 0x00007ffa4d39a000 	C:\WINDOWS\system32\KERNEL32.DLL
0x00007ffa4ac40000 - 0x00007ffa4ad4f000 	C:\WINDOWS\system32\KERNELBASE.dll
0x00007ffa494c0000 - 0x00007ffa49548000 	C:\WINDOWS\system32\apphelp.dll
0x00007ffa34cf0000 - 0x00007ffa34d3f000 	C:\WINDOWS\AppPatch\AppPatch64\AcGenral.DLL
0x00007ffa4ada0000 - 0x00007ffa4ae47000 	C:\WINDOWS\system32\msvcrt.dll
0x00007ffa4a670000 - 0x00007ffa4a69b000 	C:\WINDOWS\SYSTEM32\SspiCli.dll
0x00007ffa4d080000 - 0x00007ffa4d0d1000 	C:\WINDOWS\system32\SHLWAPI.dll
0x00007ffa4ae50000 - 0x00007ffa4afc1000 	C:\WINDOWS\system32\USER32.dll
0x00007ffa4d0e0000 - 0x00007ffa4d258000 	C:\WINDOWS\system32\ole32.dll
0x00007ffa4bc60000 - 0x00007ffa4d07f000 	C:\WINDOWS\system32\SHELL32.dll
0x00007ffa4a0c0000 - 0x00007ffa4a0de000 	C:\WINDOWS\SYSTEM32\USERENV.dll
0x00007ffa4ba00000 - 0x00007ffa4baa5000 	C:\WINDOWS\system32\ADVAPI32.dll
0x00007ffa465e0000 - 0x00007ffa465fb000 	C:\WINDOWS\SYSTEM32\MPR.dll
0x00007ffa4d3a0000 - 0x00007ffa4d4d7000 	C:\WINDOWS\system32\RPCRT4.dll
0x00007ffa4b9a0000 - 0x00007ffa4b9f7000 	C:\WINDOWS\SYSTEM32\sechost.dll
0x00007ffa4b070000 - 0x00007ffa4b246000 	C:\WINDOWS\SYSTEM32\combase.dll
0x00007ffa4bb10000 - 0x00007ffa4bc54000 	C:\WINDOWS\system32\GDI32.dll
0x00007ffa4a890000 - 0x00007ffa4a8a4000 	C:\WINDOWS\SYSTEM32\profapi.dll
0x00007ffa48ef0000 - 0x00007ffa48f8f000 	C:\WINDOWS\SYSTEM32\SHCORE.dll
0x00007ffa4b900000 - 0x00007ffa4b934000 	C:\WINDOWS\system32\IMM32.DLL
0x00007ffa4b250000 - 0x00007ffa4b389000 	C:\WINDOWS\system32\MSCTF.dll
0x00007ffa48630000 - 0x00007ffa4888a000 	C:\WINDOWS\WinSxS\amd64_microsoft.windows.common-controls_6595b64144ccf1df_6.0.9600.17031_none_6242a4b3ecbb55a1\COMCTL32.dll
0x000000005e470000 - 0x000000005e542000 	C:\Program Files\Java\jdk1.7.0_79\jre\bin\msvcr100.dll
0x000000005e8e0000 - 0x000000005f0b5000 	C:\Program Files\Java\jdk1.7.0_79\jre\bin\server\jvm.dll
0x00007ffa43a20000 - 0x00007ffa43a29000 	C:\WINDOWS\SYSTEM32\WSOCK32.dll
0x00007ffa40c40000 - 0x00007ffa40c5f000 	C:\WINDOWS\SYSTEM32\WINMM.dll
0x00007ffa4b4b0000 - 0x00007ffa4b4b7000 	C:\WINDOWS\system32\PSAPI.DLL
0x00007ffa4b450000 - 0x00007ffa4b4a8000 	C:\WINDOWS\system32\WS2_32.dll
0x00007ffa40c10000 - 0x00007ffa40c3a000 	C:\WINDOWS\SYSTEM32\WINMMBASE.dll
0x00007ffa4b840000 - 0x00007ffa4b849000 	C:\WINDOWS\system32\NSI.dll
0x00007ffa4ad50000 - 0x00007ffa4ad9a000 	C:\WINDOWS\SYSTEM32\cfgmgr32.dll
0x00007ffa49720000 - 0x00007ffa49746000 	C:\WINDOWS\SYSTEM32\DEVOBJ.dll
0x000000005e8d0000 - 0x000000005e8df000 	C:\Program Files\Java\jdk1.7.0_79\jre\bin\verify.dll
0x000000005e8a0000 - 0x000000005e8c8000 	C:\Program Files\Java\jdk1.7.0_79\jre\bin\java.dll
0x000000005e880000 - 0x000000005e895000 	C:\Program Files\Java\jdk1.7.0_79\jre\bin\zip.dll
0x000000005e860000 - 0x000000005e87a000 	C:\Program Files\Java\jdk1.7.0_79\jre\bin\net.dll
0x00007ffa4a0e0000 - 0x00007ffa4a138000 	C:\WINDOWS\system32\mswsock.dll
0x000000005e840000 - 0x000000005e851000 	C:\Program Files\Java\jdk1.7.0_79\jre\bin\nio.dll

VM Arguments:
jvm_args: -Djava.awt.headless=true -Xmx1024M -Dfile.encoding=windows-1252 -Duser.country=ES -Duser.language=es -Duser.variant 
java_command: com.android.dx.command.Main --dex --num-threads=4 --output C:\Android\CodigoPolicia\app\build\intermediates\pre-dexed\debug\com.android.support-support-v4-24.0.0_be2392466af5564a84bd717e1544e3961e3dd131.jar C:\Android\CodigoPolicia\app\build\intermediates\exploded-aar\com.android.support\support-v4\24.0.0\jars\classes.jar
Launcher Type: SUN_STANDARD

Environment Variables:
JAVA_HOME=C:\Program Files\Java\jdk1.7.0_79
PATH=C:\MinGW\bin;C:\MinGW\libexec\gcc\x86_64-pc-mingw32\4.6.4;C:\Users\Nelson Rodriguez\gcc\bin;C:\Users\Nelson Rodriguez\gcc\libexec\gcc\x86_64-pc-mingw32\4.6.4;C:\Python27\;C:\Python27\Scripts;C:\WinAVR-20100110\bin;C:\WinAVR-20100110\utils\bin;C:\Program Files (x86)\Intel\iCLS Client\;C:\Program Files\Intel\iCLS Client\;C:\WINDOWS\system32;C:\WINDOWS;C:\WINDOWS\System32\Wbem;C:\WINDOWS\System32\WindowsPowerShell\v1.0\;C:\Program Files\Intel\Intel(R) Management Engine Components\DAL;C:\Program Files (x86)\Intel\Intel(R) Management Engine Components\DAL;C:\Program Files\Intel\Intel(R) Management Engine Components\IPT;C:\Program Files (x86)\Intel\Intel(R) Management Engine Components\IPT;C:\Program Files\Intel\WiFi\bin\;C:\Program Files\Common Files\Intel\WirelessCommon\;C:\Program Files\Java\jdk1.8.0_60\bin;C:\Program Files\Microsoft SQL Server\110\Tools\Binn\;C:\Program Files\Microsoft SQL Server\120\Tools\Binn\;C:\Program Files (x86)\IVI Foundation\VISA\WinNT\Bin\;C:\Program Files\IVI Foundation\VISA\Win64\Bin\;C:\Program Files (x86)\Skype\Phone\;C:\Users\Nelson Rodriguez\Downloads\apache-ant-1.9.6-bin\apache-ant-1.9.6;C:\Program Files\Java\jdk1.7.0_79;C:\Users\Nelson Rodriguez\Documents\adt android\sdk\tools;C:\Users\Nelson Rodriguez\Documents\adt android\sdk\platform-tools;C:\xampp\php;C:\Program Files\cURL\bin;C:\Program Files\Git\cmd;C:\Program Files (x86)\Nordic Semiconductor\nrf5x\bin\;C:\Users\Nelson Rodriguez\Downloads\adt-bundle-windows-x86_64-20140321\adt-bundle-windows-x86_64-20140321;C:\Users\Nelson Rodriguez\Downloads\apache-ant-1.9.6-bin\apache-ant-1.9.6\bin;C:\Program Files\Java\jdk1.7.0_79\bin;C:\Users\Nelson Rodriguez\Documents\adt android\sdk\tools;C:\Users\Nelson Rodriguez\Documents\adt android\sdk\platform-tools
USERNAME=Nelson Rodriguez
OS=Windows_NT
PROCESSOR_IDENTIFIER=Intel64 Family 6 Model 61 Stepping 4, GenuineIntel



---------------  S Y S T E M  ---------------

OS: Windows 8.1 , 64 bit Build 9600 

CPU:total 4 (2 cores per cpu, 2 threads per core) family 6 model 61 stepping 4, cmov, cx8, fxsr, mmx, sse, sse2, sse3, ssse3, sse4.1, sse4.2, popcnt, avx, avx2, aes, erms, ht, tsc, tscinvbit

Memory: 4k page, physical 4094660k(259324k free), swap 7240388k(4428k free)

vm_info: Java HotSpot(TM) 64-Bit Server VM (24.79-b02) for windows-amd64 JRE (1.7.0_79-b15), built on Apr 10 2015 12:36:16 by "java_re" with unknown MS VC++:1600

time: Wed Sep 21 09:19:35 2016
elapsed time: 15 seconds

