#
# There is insufficient memory for the Java Runtime Environment to continue.
# Native memory allocation (malloc) failed to allocate 538320 bytes for Chunk::new
# Possible reasons:
#   The system is out of physical RAM or swap space
#   In 32 bit mode, the process size limit was hit
# Possible solutions:
#   Reduce memory load on the system
#   Increase physical memory or swap space
#   Check if swap backing store is full
#   Use 64 bit Java on a 64 bit OS
#   Decrease Java heap size (-Xmx/-Xms)
#   Decrease number of Java threads
#   Decrease Java thread stack sizes (-Xss)
#   Set larger code cache with -XX:ReservedCodeCacheSize=
# This output file may be truncated or incomplete.
#
#  Out of Memory Error (allocation.cpp:323), pid=10172, tid=4020
#
# JRE version: Java(TM) SE Runtime Environment (7.0_79-b15) (build 1.7.0_79-b15)
# Java VM: Java HotSpot(TM) 64-Bit Server VM (24.79-b02 mixed mode windows-amd64 compressed oops)
# Failed to write core dump. Minidumps are not enabled by default on client versions of Windows
#

---------------  T H R E A D  ---------------

Current thread (0x0000000008856800):  JavaThread "C2 CompilerThread0" daemon [_thread_in_native, id=4020, stack(0x0000000009dd0000,0x0000000009ed0000)]

Stack: [0x0000000009dd0000,0x0000000009ed0000]
[error occurred during error reporting (printing stack bounds), id 0xc0000005]


[error occurred during error reporting (printing native stack), id 0xc0000005]


Current CompileTask:
C2:   6625  128             com.android.dx.ssa.SsaConverter::placePhiFunctions (394 bytes)


---------------  P R O C E S S  ---------------

Java Threads: ( => current thread )
  0x000000000a30d800 JavaThread "pool-1-thread-4" [_thread_in_Java, id=7100, stack(0x000000000a9d0000,0x000000000aad0000)]
  0x000000000a30c800 JavaThread "pool-1-thread-3" [_thread_in_Java, id=7852, stack(0x000000000a8d0000,0x000000000a9d0000)]
  0x00000000088a0000 JavaThread "pool-1-thread-2" [_thread_in_Java, id=5324, stack(0x000000000a7d0000,0x000000000a8d0000)]
  0x00000000088cb800 JavaThread "pool-2-thread-1" [_thread_blocked, id=10792, stack(0x000000000a6d0000,0x000000000a7d0000)]
  0x000000000a212800 JavaThread "pool-1-thread-1" [_thread_in_Java, id=5272, stack(0x000000000a5d0000,0x000000000a6d0000)]
  0x0000000008863000 JavaThread "Service Thread" daemon [_thread_blocked, id=284, stack(0x0000000009fd0000,0x000000000a0d0000)]
  0x0000000008860800 JavaThread "C2 CompilerThread1" daemon [_thread_blocked, id=5828, stack(0x0000000009ed0000,0x0000000009fd0000)]
=>0x0000000008856800 JavaThread "C2 CompilerThread0" daemon [_thread_in_native, id=4020, stack(0x0000000009dd0000,0x0000000009ed0000)]
  0x0000000008855800 JavaThread "Attach Listener" daemon [_thread_blocked, id=8124, stack(0x0000000009cd0000,0x0000000009dd0000)]
  0x0000000008852000 JavaThread "Signal Dispatcher" daemon [_thread_blocked, id=1404, stack(0x0000000009bd0000,0x0000000009cd0000)]
  0x000000000881f800 JavaThread "Finalizer" daemon [_thread_blocked, id=9180, stack(0x0000000009ad0000,0x0000000009bd0000)]
  0x0000000008816800 JavaThread "Reference Handler" daemon [_thread_blocked, id=11156, stack(0x00000000099d0000,0x0000000009ad0000)]
  0x00000000028a2800 JavaThread "main" [_thread_blocked, id=4952, stack(0x00000000027a0000,0x00000000028a0000)]

Other Threads:
  0x0000000008812800 VMThread [stack: 0x00000000098d0000,0x00000000099d0000] [id=6844]
  0x0000000008871800 WatcherThread [stack: 0x000000000a0d0000,0x000000000a1d0000] [id=7632]

VM state:not at safepoint (normal execution)

VM Mutex/Monitor currently owned by a thread: None

Heap
 PSYoungGen      total 18944K, used 4966K [0x00000000eaa80000, 0x00000000ecf80000, 0x0000000100000000)
  eden space 16384K, 14% used [0x00000000eaa80000,0x00000000eace1b18,0x00000000eba80000)
  from space 2560K, 98% used [0x00000000eba80000,0x00000000ebcf8038,0x00000000ebd00000)
  to   space 2560K, 0% used [0x00000000ecd00000,0x00000000ecd00000,0x00000000ecf80000)
 ParOldGen       total 42496K, used 1921K [0x00000000c0000000, 0x00000000c2980000, 0x00000000eaa80000)
  object space 42496K, 4% used [0x00000000c0000000,0x00000000c01e06f8,0x00000000c2980000)
 PSPermGen       total 21504K, used 5727K [0x00000000bae00000, 0x00000000bc300000, 0x00000000c0000000)
  object space 21504K, 26% used [0x00000000bae00000,0x00000000bb397d98,0x00000000bc300000)

Card table byte_map: [0x0000000005a60000,0x0000000005c90000] byte_map_base: 0x0000000005489000

Polling page: 0x0000000002730000

Code Cache  [0x00000000029a0000, 0x0000000002c10000, 0x00000000059a0000)
 total_blobs=377 nmethods=140 adapters=189 free_code_cache=48545Kb largest_free_block=49688512

Compilation events (10 events):
Event: 6.555 Thread 0x0000000008860800  138             com.android.dx.rop.code.Insn::getPosition (5 bytes)
Event: 6.555 Thread 0x0000000008860800 nmethod 138 0x0000000002a39690 code [0x0000000002a397c0, 0x0000000002a39818]
Event: 6.556 Thread 0x0000000008860800  139             java.util.Collections$UnmodifiableCollection$1::hasNext (10 bytes)
Event: 6.558 Thread 0x0000000008860800 nmethod 139 0x0000000002a39390 code [0x0000000002a394e0, 0x0000000002a39598]
Event: 6.558 Thread 0x0000000008860800  140             java.util.BitSet::clear (70 bytes)
Event: 6.562 Thread 0x0000000008860800 nmethod 140 0x0000000002a39050 code [0x0000000002a391a0, 0x0000000002a39298]
Event: 6.565 Thread 0x0000000008860800  141             com.android.dx.util.IntList::binarysearch (124 bytes)
Event: 6.571 Thread 0x0000000008860800 nmethod 141 0x0000000002a38bd0 code [0x0000000002a38d20, 0x0000000002a38ed8]
Event: 6.571 Thread 0x0000000008860800  142             com.android.dx.rop.code.Insn::<init> (69 bytes)
Event: 6.572 Thread 0x0000000008860800 nmethod 142 0x0000000002a388d0 code [0x0000000002a38a00, 0x0000000002a38af8]

GC Heap History (2 events):
Event: 6.193 GC heap before
{Heap before GC invocations=1 (full 0):
 PSYoungGen      total 18944K, used 16384K [0x00000000eaa80000, 0x00000000ebf80000, 0x0000000100000000)
  eden space 16384K, 100% used [0x00000000eaa80000,0x00000000eba80000,0x00000000eba80000)
  from space 2560K, 0% used [0x00000000ebd00000,0x00000000ebd00000,0x00000000ebf80000)
  to   space 2560K, 0% used [0x00000000eba80000,0x00000000eba80000,0x00000000ebd00000)
 ParOldGen       total 42496K, used 0K [0x00000000c0000000, 0x00000000c2980000, 0x00000000eaa80000)
  object space 42496K, 0% used [0x00000000c0000000,0x00000000c0000000,0x00000000c2980000)
 PSPermGen       total 21504K, used 5705K [0x00000000bae00000, 0x00000000bc300000, 0x00000000c0000000)
  object space 21504K, 26% used [0x00000000bae00000,0x00000000bb392590,0x00000000bc300000)
Event: 6.432 GC heap after
Heap after GC invocations=1 (full 0):
 PSYoungGen      total 18944K, used 2528K [0x00000000eaa80000, 0x00000000ecf80000, 0x0000000100000000)
  eden space 16384K, 0% used [0x00000000eaa80000,0x00000000eaa80000,0x00000000eba80000)
  from space 2560K, 98% used [0x00000000eba80000,0x00000000ebcf8038,0x00000000ebd00000)
  to   space 2560K, 0% used [0x00000000ecd00000,0x00000000ecd00000,0x00000000ecf80000)
 ParOldGen       total 42496K, used 1921K [0x00000000c0000000, 0x00000000c2980000, 0x00000000eaa80000)
  object space 42496K, 4% used [0x00000000c0000000,0x00000000c01e06f8,0x00000000c2980000)
 PSPermGen       total 21504K, used 5705K [0x00000000bae00000, 0x00000000bc300000, 0x00000000c0000000)
  object space 21504K, 26% used [0x00000000bae00000,0x00000000bb392590,0x00000000bc300000)
}

Deoptimization events (6 events):
Event: 5.036 Thread 0x000000000a30c800 Uncommon trap: reason=class_check action=maybe_recompile pc=0x0000000002a13fd8 method=com.android.dx.ssa.NormalSsaInsn.accept(Lcom/android/dx/ssa/SsaInsn$Visitor;)V @ 9
Event: 5.036 Thread 0x000000000a30c800 Uncommon trap: reason=class_check action=maybe_recompile pc=0x0000000002a13fd8 method=com.android.dx.ssa.NormalSsaInsn.accept(Lcom/android/dx/ssa/SsaInsn$Visitor;)V @ 9
Event: 5.036 Thread 0x000000000a30c800 Uncommon trap: reason=class_check action=maybe_recompile pc=0x0000000002a13fd8 method=com.android.dx.ssa.NormalSsaInsn.accept(Lcom/android/dx/ssa/SsaInsn$Visitor;)V @ 9
Event: 5.038 Thread 0x000000000a30c800 Uncommon trap: reason=class_check action=maybe_recompile pc=0x0000000002a13fd8 method=com.android.dx.ssa.NormalSsaInsn.accept(Lcom/android/dx/ssa/SsaInsn$Visitor;)V @ 9
Event: 5.064 Thread 0x000000000a30c800 Uncommon trap: reason=null_check action=make_not_entrant pc=0x0000000002a1b140 method=com.android.dx.rop.code.LocalItem.equals(Ljava/lang/Object;)Z @ 1
Event: 5.269 Thread 0x000000000a30d800 Uncommon trap: reason=null_check action=make_not_entrant pc=0x0000000002a23514 method=com.android.dx.rop.code.LocalItem.equals(Ljava/lang/Object;)Z @ 1

Internal exceptions (10 events):
Event: 4.451 Thread 0x000000000a30d800 Threw 0x00000000eb2879d0 at C:\re\jdk7u79\2331\hotspot\src\share\vm\prims\jvm.cpp:1304
Event: 4.462 Thread 0x000000000a212800 Threw 0x00000000eb1327c8 at C:\re\jdk7u79\2331\hotspot\src\share\vm\prims\jvm.cpp:1304
Event: 4.878 Thread 0x000000000a30c800 Threw 0x00000000eb328798 at C:\re\jdk7u79\2331\hotspot\src\share\vm\prims\jvm.cpp:1304
Event: 4.897 Thread 0x000000000a30d800 Threw 0x00000000eb582dd8 at C:\re\jdk7u79\2331\hotspot\src\share\vm\prims\jvm.cpp:1304
Event: 4.899 Thread 0x000000000a30d800 Threw 0x00000000eb5883c8 at C:\re\jdk7u79\2331\hotspot\src\share\vm\prims\jvm.cpp:1304
Event: 4.900 Thread 0x000000000a30d800 Threw 0x00000000eb58d758 at C:\re\jdk7u79\2331\hotspot\src\share\vm\prims\jvm.cpp:1304
Event: 4.969 Thread 0x00000000088a0000 Threw 0x00000000eb4af200 at C:\re\jdk7u79\2331\hotspot\src\share\vm\prims\jvm.cpp:1304
Event: 5.064 Thread 0x000000000a30c800 Implicit null exception at 0x0000000002a1ad63 to 0x0000000002a1b12d
Event: 5.269 Thread 0x000000000a30d800 Implicit null exception at 0x0000000002a22c00 to 0x0000000002a234f9
Event: 5.834 Thread 0x000000000a30c800 Threw 0x00000000eb8e2870 at C:\re\jdk7u79\2331\hotspot\src\share\vm\prims\jvm.cpp:1304

Events (10 events):
Event: 5.614 Executing VM operation: EnableBiasedLocking
Event: 5.691 Executing VM operation: EnableBiasedLocking done
Event: 5.834 loading class 0x000000000a326370
Event: 5.834 loading class 0x000000000a326370 done
Event: 5.836 Executing VM operation: ParallelGCFailedAllocation
Event: 6.432 Executing VM operation: ParallelGCFailedAllocation done
Event: 6.434 Executing VM operation: RevokeBias
Event: 6.491 Executing VM operation: RevokeBias done
Event: 6.491 Executing VM operation: RevokeBias
Event: 6.491 Executing VM operation: RevokeBias done


Dynamic libraries:
0x00007ff6f0f90000 - 0x00007ff6f0fc3000 	C:\Program Files\Java\jdk1.7.0_79\bin\java.exe
0x00007ffa4d520000 - 0x00007ffa4d6ca000 	C:\WINDOWS\SYSTEM32\ntdll.dll
0x00007ffa4d260000 - 0x00007ffa4d39a000 	C:\WINDOWS\system32\KERNEL32.DLL
0x00007ffa4ac40000 - 0x00007ffa4ad4f000 	C:\WINDOWS\system32\KERNELBASE.dll
0x00007ffa494c0000 - 0x00007ffa49548000 	C:\WINDOWS\system32\apphelp.dll
0x00007ffa34cf0000 - 0x00007ffa34d3f000 	C:\WINDOWS\AppPatch\AppPatch64\AcGenral.DLL
0x00007ffa4ada0000 - 0x00007ffa4ae47000 	C:\WINDOWS\system32\msvcrt.dll
0x00007ffa4a670000 - 0x00007ffa4a69b000 	C:\WINDOWS\SYSTEM32\SspiCli.dll
0x00007ffa4d080000 - 0x00007ffa4d0d1000 	C:\WINDOWS\system32\SHLWAPI.dll
0x00007ffa4ae50000 - 0x00007ffa4afc1000 	C:\WINDOWS\system32\USER32.dll
0x00007ffa4d0e0000 - 0x00007ffa4d258000 	C:\WINDOWS\system32\ole32.dll
0x00007ffa4bc60000 - 0x00007ffa4d07f000 	C:\WINDOWS\system32\SHELL32.dll
0x00007ffa4a0c0000 - 0x00007ffa4a0de000 	C:\WINDOWS\SYSTEM32\USERENV.dll
0x00007ffa4ba00000 - 0x00007ffa4baa5000 	C:\WINDOWS\system32\ADVAPI32.dll
0x00007ffa465e0000 - 0x00007ffa465fb000 	C:\WINDOWS\SYSTEM32\MPR.dll
0x00007ffa4d3a0000 - 0x00007ffa4d4d7000 	C:\WINDOWS\system32\RPCRT4.dll
0x00007ffa4b9a0000 - 0x00007ffa4b9f7000 	C:\WINDOWS\SYSTEM32\sechost.dll
0x00007ffa4b070000 - 0x00007ffa4b246000 	C:\WINDOWS\SYSTEM32\combase.dll
0x00007ffa4bb10000 - 0x00007ffa4bc54000 	C:\WINDOWS\system32\GDI32.dll
0x00007ffa4a890000 - 0x00007ffa4a8a4000 	C:\WINDOWS\SYSTEM32\profapi.dll
0x00007ffa48ef0000 - 0x00007ffa48f8f000 	C:\WINDOWS\SYSTEM32\SHCORE.dll
0x00007ffa4b900000 - 0x00007ffa4b934000 	C:\WINDOWS\system32\IMM32.DLL
0x00007ffa4b250000 - 0x00007ffa4b389000 	C:\WINDOWS\system32\MSCTF.dll
0x00007ffa48630000 - 0x00007ffa4888a000 	C:\WINDOWS\WinSxS\amd64_microsoft.windows.common-controls_6595b64144ccf1df_6.0.9600.17031_none_6242a4b3ecbb55a1\COMCTL32.dll
0x000000005e470000 - 0x000000005e542000 	C:\Program Files\Java\jdk1.7.0_79\jre\bin\msvcr100.dll
0x000000005e8e0000 - 0x000000005f0b5000 	C:\Program Files\Java\jdk1.7.0_79\jre\bin\server\jvm.dll
0x00007ffa43a20000 - 0x00007ffa43a29000 	C:\WINDOWS\SYSTEM32\WSOCK32.dll
0x00007ffa40c40000 - 0x00007ffa40c5f000 	C:\WINDOWS\SYSTEM32\WINMM.dll
0x00007ffa4b4b0000 - 0x00007ffa4b4b7000 	C:\WINDOWS\system32\PSAPI.DLL
0x00007ffa4b450000 - 0x00007ffa4b4a8000 	C:\WINDOWS\system32\WS2_32.dll
0x00007ffa40c10000 - 0x00007ffa40c3a000 	C:\WINDOWS\SYSTEM32\WINMMBASE.dll
0x00007ffa4b840000 - 0x00007ffa4b849000 	C:\WINDOWS\system32\NSI.dll
0x00007ffa4ad50000 - 0x00007ffa4ad9a000 	C:\WINDOWS\SYSTEM32\cfgmgr32.dll
0x00007ffa49720000 - 0x00007ffa49746000 	C:\WINDOWS\SYSTEM32\DEVOBJ.dll
0x000000005e8d0000 - 0x000000005e8df000 	C:\Program Files\Java\jdk1.7.0_79\jre\bin\verify.dll
0x000000005e8a0000 - 0x000000005e8c8000 	C:\Program Files\Java\jdk1.7.0_79\jre\bin\java.dll
0x000000005e880000 - 0x000000005e895000 	C:\Program Files\Java\jdk1.7.0_79\jre\bin\zip.dll
0x000000005e860000 - 0x000000005e87a000 	C:\Program Files\Java\jdk1.7.0_79\jre\bin\net.dll
0x00007ffa4a0e0000 - 0x00007ffa4a138000 	C:\WINDOWS\system32\mswsock.dll
0x000000005e840000 - 0x000000005e851000 	C:\Program Files\Java\jdk1.7.0_79\jre\bin\nio.dll

VM Arguments:
jvm_args: -Djava.awt.headless=true -Xmx1024M -Dfile.encoding=windows-1252 -Duser.country=ES -Duser.language=es -Duser.variant 
java_command: com.android.dx.command.Main --dex --num-threads=4 --output C:\Android\CodigoPolicia\app\build\intermediates\pre-dexed\debug\com.android.support-support-vector-drawable-24.0.0_61467eb3be863e250cb665838c79f27e418fbb9a.jar C:\Android\CodigoPolicia\app\build\intermediates\exploded-aar\com.android.support\support-vector-drawable\24.0.0\jars\classes.jar
Launcher Type: SUN_STANDARD

Environment Variables:
JAVA_HOME=C:\Program Files\Java\jdk1.7.0_79
PATH=C:\MinGW\bin;C:\MinGW\libexec\gcc\x86_64-pc-mingw32\4.6.4;C:\Users\Nelson Rodriguez\gcc\bin;C:\Users\Nelson Rodriguez\gcc\libexec\gcc\x86_64-pc-mingw32\4.6.4;C:\Python27\;C:\Python27\Scripts;C:\WinAVR-20100110\bin;C:\WinAVR-20100110\utils\bin;C:\Program Files (x86)\Intel\iCLS Client\;C:\Program Files\Intel\iCLS Client\;C:\WINDOWS\system32;C:\WINDOWS;C:\WINDOWS\System32\Wbem;C:\WINDOWS\System32\WindowsPowerShell\v1.0\;C:\Program Files\Intel\Intel(R) Management Engine Components\DAL;C:\Program Files (x86)\Intel\Intel(R) Management Engine Components\DAL;C:\Program Files\Intel\Intel(R) Management Engine Components\IPT;C:\Program Files (x86)\Intel\Intel(R) Management Engine Components\IPT;C:\Program Files\Intel\WiFi\bin\;C:\Program Files\Common Files\Intel\WirelessCommon\;C:\Program Files\Java\jdk1.8.0_60\bin;C:\Program Files\Microsoft SQL Server\110\Tools\Binn\;C:\Program Files\Microsoft SQL Server\120\Tools\Binn\;C:\Program Files (x86)\IVI Foundation\VISA\WinNT\Bin\;C:\Program Files\IVI Foundation\VISA\Win64\Bin\;C:\Program Files (x86)\Skype\Phone\;C:\Users\Nelson Rodriguez\Downloads\apache-ant-1.9.6-bin\apache-ant-1.9.6;C:\Program Files\Java\jdk1.7.0_79;C:\Users\Nelson Rodriguez\Documents\adt android\sdk\tools;C:\Users\Nelson Rodriguez\Documents\adt android\sdk\platform-tools;C:\xampp\php;C:\Program Files\cURL\bin;C:\Program Files\Git\cmd;C:\Program Files (x86)\Nordic Semiconductor\nrf5x\bin\;C:\Users\Nelson Rodriguez\Downloads\adt-bundle-windows-x86_64-20140321\adt-bundle-windows-x86_64-20140321;C:\Users\Nelson Rodriguez\Downloads\apache-ant-1.9.6-bin\apache-ant-1.9.6\bin;C:\Program Files\Java\jdk1.7.0_79\bin;C:\Users\Nelson Rodriguez\Documents\adt android\sdk\tools;C:\Users\Nelson Rodriguez\Documents\adt android\sdk\platform-tools
USERNAME=Nelson Rodriguez
OS=Windows_NT
PROCESSOR_IDENTIFIER=Intel64 Family 6 Model 61 Stepping 4, GenuineIntel



---------------  S Y S T E M  ---------------

OS: Windows 8.1 , 64 bit Build 9600 

CPU:total 4 (2 cores per cpu, 2 threads per core) family 6 model 61 stepping 4, cmov, cx8, fxsr, mmx, sse, sse2, sse3, ssse3, sse4.1, sse4.2, popcnt, avx, avx2, aes, erms, ht, tsc, tscinvbit

Memory: 4k page, physical 4094660k(266840k free), swap 7240388k(5472k free)

vm_info: Java HotSpot(TM) 64-Bit Server VM (24.79-b02) for windows-amd64 JRE (1.7.0_79-b15), built on Apr 10 2015 12:36:16 by "java_re" with unknown MS VC++:1600

time: Wed Sep 21 09:19:35 2016
elapsed time: 6 seconds

